<?xml version="1.0" encoding="UTF-8"?>
<!-- Generated by org.testng.reporters.JUnitXMLReporter -->
<testsuite hostname="Ashwani_Singh" name="Test" tests="2" failures="1" timestamp="5 Sep 2019 04:36:14 GMT" time="85.299" errors="0">
  <testcase name="feature" time="51.908" classname="CucumberOption.TestRunner">
    <failure type="cucumber.runtime.CucumberException" message="java.util.NoSuchElementException">
      <![CDATA[cucumber.runtime.CucumberException: java.util.NoSuchElementException
	at cucumber.api.testng.TestNGCucumberRunner.runCucumber(TestNGCucumberRunner.java:69)
	at cucumber.api.testng.AbstractTestNGCucumberTests.feature(AbstractTestNGCucumberTests.java:21)
Caused by: java.util.NoSuchElementException
	at java.util.LinkedHashMap$LinkedHashIterator.nextNode(LinkedHashMap.java:713)
	at java.util.LinkedHashMap$LinkedKeyIterator.next(LinkedHashMap.java:734)
	at StepDefinations.stepDefination1.Filghts_should_appear_as_per_details(stepDefination1.java:163)
	at âœ½.Then Filghts should appear as per details(Search_Flight.feature:9)
... Removed 24 stack frames]]>
    </failure>
  </testcase> <!-- feature -->
  <testcase name="feature" time="32.625" classname="CucumberOption.TestRunner"/>
</testsuite> <!-- Test -->
